PZSPLRPRRLRPSLYZYYZRZYLYRPSZSSLL
LZLLPYZRRRSLSZRLSPPRPZRRYPYYYSRY
YPPLPLSSRPLPYSZLRSRSSZYLRZRPRYSZ
ZZPRPLLPRZSPYRSPPPSPYZLYZPYYRPLL
RSZLPZLYPPRLZZYRZRSYYZPRPYSSPPLL
RSPRLPLLZPPSRRRPYZZYRPYPYRSLPSRL
RPYPYYYRYLRYSPLYZZZZRZSLPLRSPPLR
YRRYPRZYRPPSZRPLRPLRYSLSPLSPYPRZ
SZRPYSPLYZPRLLYRPSLLPZSSLYSPLRPZ
ZYSYLRZPLLLPRYZYLSPZPPRPZLPPSYYP
LLSLPRLZZZPRRPZZLLZLZPSSYPZYSRRS
PLPSPPZLSZRPRPPLRPSRLRRSLZYPLRYP
SLSLLYSYPYYZZSPZPRSYLZYRRZZSRRPS
SSPLLLYSSRPPZZPZRPRRZYRLZLPPYSSY
PRLRSZZZYPRSLLZLLPZZSSPZRRPYLRRR
ZLYRSPLZPZYPSRYYYYPZRPRYYLZPLPYL
PRZSRZYSLZLYRRYPLSSPZRYPLRYZRRRP
PPLYLYYZSSYPPPZLRRLYYRLSYLYZPLPP
SRRZLPPLRSSSYRZSPPZRSRPLLYZPZPSS
ZRLPYRYLPYRZZZYZLRLRZRPRSLZPPYYR
RYYLRYLPZLYRSSSLRRZYZPPPZPPLYZZY
LPZYLSPPYRYLPZSLRRYLZSRZLSYSRYLP
PPSRRSRRYRRSZZZYPYPYRZPPPLSYRPPS
ZSYYRZLSZRLRRPRZSLLLYYPYRLYYRYPR
PLLRSLZSPPPZYLZPSRRPYSSPRPZZPSSL
YRPYZLRLLLSLLLZYRZZYRYYSPRPRPYZY
YYRZYPLPPSLLYZPLLZRRZSPZYPPZPZRL
PPLSPLLPYYLYSYZZPSLPYPYRPZYLZZYY
SRPRYRYYYPZRSPPZYRSRRRZSRYSPPPLY
PRPLSSYYLPRPYZLLSLRPPPYRZZRYPYLR
PSPPLZRPSRPYPRRZZPSYLLLPSLPPYZSS
SSYYYLSLYZPPYRLPSPLPPLRZPRRRYSRZ
LLRYPPLPLZRRRPZRPYYRLZSSLSLSPRPP
PPSPLPPLRYPRLYZRLPPSRLZRYLYZZSZZ
YPYZPZLRPYPSYSPPYPRRRYPYZZPPLZPR
YPYYZSYSLSYZLYZLPRYRPSSYPRRRSSPS
RYPPLZLRRZLPZYSZSLPPYPZPYRSZYRLP
LYLYZPSSZRYSLYYRYPLRPZRRYZZSRRZR
RLRRZZZPPRYYLSYPSSRZYSPPSSSLPPZY
ZLYRRPYSRZPYPSLYRSLLZPRPZLYYLYZY
RPRSSYZSZSZZRZSYSSRSPYRSLZSLPRPR
LPYZPZSLZPZSLRPRLRRRYZYYRYYYYRPR
LYLRYZPYYRSLYRPYYPRYSLZPLLZPZRLP
ZSSPPZZRSYYPYZRSRYZZYSPRLSYPSYPY
YZPPLZRPPSZPYPSPZPYLPLZLRLSRPPSY
SSPPPRSZSLLPRPSPRZLSRYYPPZSZLRLP
ZZPSPRRRRPPSYRYPZPPSPLLSPZZZYYRZ
LZZRPYPSSLPZPYYZZSYRSLRYLRZRPPLR
LRSZPPYPYSPYZSSYZZYYYPZYPLYLSSPY
LZSLZYZLRSZSYPLRPSRRLSRRYZPPYZYY
