PSPZLRZPZZPSPPPSPRYPPSSZPSLYYLRP
PPPSRPSLYPLPYSZZRSZRPRZRLZLSLPZS
PYSPSPYLSSLLSYRPPRZSYYPYZRZLPSPZ
SRPZZZRRPSPPRPZPLSSSPZSPLPPSRYPR
PPPPZSRPZPLPLYPPLRZSPYPYZZSRSSSZ
PRZZPSLPSYSSYYLPYPZLYLPSSLZPLYYZ
PSPPSSPPRPSPYYLPYSSZLPYYRRZZYRSZ
PPLLSZYYSZPLRPSPPPPRSPPRZSZPRPPZ
ZZPYLZPRLPPPRSPRYPZPSPLSLPLPLYPS
LPZPRLYLPPPPZRYPSPPPPZSPPRRZRPRL
RSRPPPZRRZSSRPLZSLSPPSPSPSZSRZYP
YLRYZLPRPYZZYLZPZPPSSZPYYLSZSPPR
SYSPZPYPPYLYPZLRRPRSSRLZSPPRPPPL
ZRYPSSSYPPLSSRRZZSPRYSSPPLLYRZSZ
LLRPPRLRRRLYPPRZYSYLYZPZLLPSYRLZ
YZZSZPZSPPYYZYSPPRPSSPSLRSPRRPPP
ZPRPSPPYZRZPZSZZLSPPLPPLLZYPPYYL
YYRLPYPPZZPZPLPRSYLSPZSLYRPLYLPZ
PYSPSRYZPSZYPSZZSSPYSLLSYSPZLPSY
LSLYZZPPLYYRSPSSSRSYZZLYPPRZZYPR
PRRRPRRPZZPPPPPSPPSYRRZRLYPPSSYS
PPPSPSLLPZLLLZYPPPYRYLLPPZSSPSZP
RYRLPSLZRPYZRZPLZYLYZSYSYPZRSSLL
ZZPRYZYLLYSPPPRYZPZPPPPPZPYRRPYR
LZRPYPPLSPPLPZRSSZRYPSPYZLZPPRZL
YPZPZLSRLPPRZZRPPLPYLSSSRPYPYZSY
PPZLYSPYLSPZRPLPPYPPYPZLYSLPZZPR
YSSPPLYLPYZLSLSSPZLPRSYPZSLPLRPP
PPYPZRPLYPZLSLPZRPPSPPZZRPLPPLPP
YLYZZLPPZLPRPRPYPZPZPLPPYPLPLPRP
PYYLZSPRLZYZYZSLZYYSPSPRPZSLPSLS
PSZSPYZZRZPYLRYPZPZPLYSPYPRSPRRP
ZPPZSSYYYZPYYSPYPSZPPRRYZPSSSLSP
LLLPPLZPPSZPRPPPPSSYRPRLRZZPSSZR
YYSPRPYPZRZRZZZRLPYPPSZPSSSPPZRP
PPSSPLPPSPPPYPPSLYYYPRRZPRRZPPYZ
SPSZSSSPRPZRLRRZRLLRRPRLPLPPPPSS
LSPLPYPZZZPPPYSYPPRPSPZRPZSRLRRP
YRPRZSZLYZLYPPYPPZSSSZPSPPPPSZYS
PYRZLLYZSSZPRYLPLZSZRPZLPRRSYPRS
RYPPPLPSZPZPZPYYZPYPLPLLYPPSSSPY
YSSPZSZPZYPLPPPPZLSYLSYZYYPPLRPP
RPPZPRPSRPZYRPZYLYPPSPZPYSLLSYZR
YPSZLLSSPRSYYLZZRYPPZYPZYZZSPPPS
RPZSPRZSPPRRSPLLLSSLRSZPRSRPSZSS
PPRPSPRZYPSZSYPRYRPYLSSLPYZZRSPR
ZRZYYZSYRRPPRRZPPZPLPZLSZPLLLSLL
PPZRSPYLZZYYPPPYZRZPSZSPPYPYSSPL
LPRYZSYRZPPZYPPSYYRRPZYPYSYZPYSR
PZPYYYLLPZPZPZPSSSSSZRZZYSZLPSLS
