PRRRRRRRRRRRRRRRPRRPYPYPPPPPPPPS
YRRRRRRRYRRRYYYLYLYYYYYYLYLYYLLS
PRRRRRRRRRRRRRRRPRRPLPLPPPPPPPPS
PRRRRRRRRRRRRRRRPRRRRRRRPRRRYLLS
PRRRRRRRRRRRRRRRYRRRYLYRLYRYLYLS
PRRRRRRRRRRRRRRRPRRPYLPYPPPPPPPS
PRRRRRRRRRRRRPYPYPPPPPPPPPPSSSSS
YRRRRRRRYRRRYYYLYYYYYYLLYLYYYLLS
PRRRRRRRRRRRRRRRPRRRRPPPPPPPPPSS
PRRRRRRRRRRRRRRRYYYYYLYYLYYLYLLS
PRRRRRPLPPPPPPPPSSSSSSSSSSSSSSSS
PRRRRRRRRRYPYYYYYPPLYYYYPYYYYPPS
PRRRRRRRRRRRPLPPYYYYYPPYYYLYPSSS
PRRRRRRRRRRPPPPLYYYYLYYYPYYYPYSS
PRRRRRRRRRRRRRRRPRRPYPPPPPPPPPPS
PRRRRRPYLPYLPYLPYLYLLSSSSSSSSSSS
PRRRRRRRRRRRRRRRPRRPLPPPPPPPPSSS
PRPYPPPPPPPPPPPPPPPPPPPPPPPPPPPS
YRRRRRYYYYYYYLYYLYYYYLYYYLYYLYLS
PRRRRRRRRRRRRRRRPRRYPYYPYLYYYLLS
PRRRRRRRRRRRRRRRPYLPYPPPPPPPPPPS
PRRRRRRRRRRRRRRRPRRRRRPYLYLYSSSS
PRRRRRRRRRRRRRRRPRRRRRPPPPPPPPSS
PRRRRRRRRRRYYYYYLYYYYYYYLYYYLYLS
PRYYYYYYYYYYYYYYYPYYYYPPSSSSSSSS
PRRRRRPYPYPPPPPPPPPPPPPPPPPPPPPS
PRRRRRRRRRRRRRRRPRRRRRRRRYLYLYLS
PRRRRRRRRRRRRRRRPRRRRRYYYYPYLYLS
PRRRRRRRRRRRRRRRPRRRRRYLYLYLLLLS
PRRRRRRRRRRRRRPPPPPPPPPPPPSSSSSS
PRRRRRRRRRRRRRRRPRPYLLLLLLLLLLSS
PRRRRRRRRPYLPYPYPYPYYYSSSSSSSSSS
PRRRRRRRRRRRRRPYPYPYPYPYPYPPPPPS
PRRRRRRRRRRRRRRRLYYLYYYYYLYYLSSS
PRRRRRRRRRRRYYYYYYYLYYLYYYYLYLSS
PRRRRRRPPPPPPPPPPPPPPPPPPPPPSSSS
PRRRRPYLPYPYPYPYPYPYPYPYPYPYPYPS
PRRRRPLPLPLPLPPPPPPPPPPPPPPPSSSS
PRRRRRRRRRRRRRRRPRPYPPPPPPPPPPPS
PRRRRRRRRRRRRRRRPRRRRRRRYLYYYLLS
PRRRRRRRRRRRRRRRYYLYYYYLLYYYYLLS
PRRPLPLPLPLPLPPPPPPPPPPPPPPPPSSS
PRRRRRPYLPYPYPYPPPPPPPPPPPSSSSSS
PRRPYLPYLPYPYPYPYPYPYPPPPPPSSSSS
PRRRRRRRRRRRRRRRPRRRRPYLPYLPLLSS
PRRPYLPYLPYLPLPPPPPPPPPPPPPPPPPS
PRRRRRRRRRRRRRRRPRRPLPLPPPPPPPSS
PRRRRRRPYLPLPLPLLLLLLLLLLSSSSSSS
PRPYLPYLPPPPPPPPPPPPPPPPPPPPSSSS
PRRPYPYPYPPPPPPPPPPPPPPPPPPPPPPS
