PRRRRRRRRRRRRRRRPRRRRRPPPPSSSSSS
PRRRRRRRRRRRRRRRPRRRRRRRPRRRPPSS
PRRRRRRRRRRRRRRRPRRRRRRRPRRYYLPS
PRRRRRRRRRRRRRRRYYLYYYYYYLYYLLLS
PRRRRRRRRRRRRRRRPRPYLPYLPPPPPPSS
PRPYPYPYPYPYPYPYPYPYPYPYPYPYPYPS
YRRRRRRRYRYYYYYLYLYYYYLYYYLLYLSS
PRRRRRRRRRRRRRRRPRRRRYLYYYLYLYLS
YRRRRRRRYRRRYRYLYLYLYLYLYLYLLLSS
PRRRYYYPPPPYYYYYYPYPYPLPYYPYPYSS
PRRRRRRRRRRPYLPPPPPPPPPPPPPPPSSS
PRRRRRRRRRRRRRRRPRRRRYYLYYLYLYSS
PRRRRRRRRRRRRRRRPRRPYLPLPLPPPPPS
PRRRRRRRRRRRRRRPYLPYLPPPPPPPPPPS
PRRRRRRRRRRRPYLPYLPYLPPPPPPPPPPS
PRRRRRRRRRRRRRRRPRPYLPLPLPPPPPSS
PRRRRRRRRRPYLPYPYPYPYYSSSSSSSSSS
PRRRRRRRRRRRRRRRPPPPPPPPPPPPSSSS
PRRRRRPYLPYLPYPYPYPYPYPPPPPPPPSS
PRRRRRRRRRRRRRRRPRPLPLPLPLPLPLLS
YRRRRRRRYRRRYRYLYYRRRYLYYLYRLLLS
PRRRRRRRRRRRRRRRPRRRRPYLPYYYSSSS
PRRRRRRRRRRRRRRRPRRRRRRPLPPPPSSS
PRRRRRRRRRRRRRRRPYLPLPLLLLLLSSSS
PRRRRRRRRRRRRRYYYYYLPYYYYYYLLSSS
PRRRRRRRPYLPLPPPPPPPPPPPPSSSSSSS
PRRRRRRRRPYLPLPLPLPLPPPPPPPPSSSS
PRRRRRRRRPYLPYLPYPYPYPYPPPPPSSSS
PRRRRRRRRRRRRRRRPRRRRRRRPLLLSSSS
PRRRRRRRRRRRRRRRPRRRRRRRPRPLPPSS
PRRRRRRRRRRRRRRRPRRRRRPLPLLLLSSS
PRRRRRRRRRRRRRRRPLPPPPPPSSSSSSSS
PRRRRRPYPYPYPYPYPYPPPPPPPPPPPPPS
PRRRRRRRRRRRRRRRPRRRRRRRPRRRPYLS
PRRRRRRPYPYPYPYPYPYPYPYPYPPPPPPS
PRRRRRRRRRRRRRRRPRRRRRYYLYYYYLLS
YRRRRRRRYRRRYRYLYRYYYYLYYLLYLYSS
PRRRRRRRRRRRRRRRPRRRRRRRPRPYSSSS
PRRRPYPYPYPYPYPYPYPYPPPPPPPPPSSS
PRRPYLPYLPLPLPLPLPLPLPLPLPPPPSSS
PRRRRRRRRRRRRRRRPRRRRYYLYYLYYLLS
PRRRRRPYPYPYPYPYPYPYPYPPPPSSSSSS
PRRRRRRRRRRRRRRRPRRRPLPLPLPSSSSS
PRRRRRRRRRRRRRRRPRRRRRRRYYLYYLLS
PRRRRRRRRRRRRRRRPRRPLPPPPPPPSSSS
YRRRRRRRYRRRYYYLYYYLYLYYYYYLLYLS
PRRRRRRRPYLPLPLPPPPPPPPPPPPSSSSS
PRRRRRRRRRRPYPPPPPPPPPPSSSSSSSSS
PRRRRRRRRRRRRRRRPRRRRRRRLYYYYLLS
PRRRRRRRRRRRRRRRPYPYPYPYPYPYPPPS
