RRRPRRRPRRRPRRRPRRRPRRRPRPSSSSSS
RRRPRRRPRRRPRRRPRRRPRRRPRRRPRPPS
RRRPRRRPRRRPRRRPRRRPRRRPRSRPSSSS
RRRPRRRPRRRPRRRPRRRPRRRPPPPPPPPS
RRRPRRRPRRRPRRRPRPPPPPPPPPPPPPSS
RRRPRRRPRRRPRRRPRRRPRRRPRRRPRPPS
RRRPRRRPRRRPRSRPPPPPPPPSSSSSSSSS
RSRPPPPPPPPPPPPPPPPPSSSSSSSSSSSS
RSRPPPPPPPPPPPPPPPPSSSSSSSSSSSSS
RRRPRRRPPPPPPSSSSSSSSSSSSSSSSSSS
RRRPRRRPRRRPRRRPRRRPRSRPPPPPSSSS
RRRPRRRPRRRPRRRPRPPPPPPPPPPSSSSS
RSRPPPPPPSSSSSSSSSSSSSSSSSSSSSSS
RRRPRRRPRRRPRRRPRRRPRPPPPPPSSSSS
RRRPRRRPRRRPRRRPRRRPRRRPRSRPSSSS
RRRPRSRPPPPPPPPPPPPSSSSSSSSSSSSS
RRRPPPPPPPPSSSSSSSSSSSSSSSSSSSSS
RRRPRRRPRRRPRRRPSSSSSSSSSSSSSSSS
RRRPRSRPPPPPPPPPPPPPPPPPPPPPPPSS
RPPPPPPPPPPPPPPPPPPPPPPSSSSSSSSS
RRRPRRRPRRRPRRRPRRRPRRRPRRRPPPSS
RRRPRRRPRRRPRRRPRRRPRRRPPPPSSSSS
RRRPRSRPPPSSSSSSSSSSSSSSSSSSSSSS
RRRPRRRPRSRPPPPSSSSSSSSSSSSSSSSS
RPPPPPPPPPPPPPPPPPPPPPPPPPPPPSSS
RRRPRRRPRRRPRRRPRSRPPPPPPPSSSSSS
RRRPRRRPRRRPRPPPPPSSSSSSSSSSSSSS
RRRPPPPPPPPPPSSSSSSSSSSSSSSSSSSS
RRRPRRRPRRRPRRRPRRRPRRRPRPPSSSSS
RRRPRRRPRRRPRSRPPPPPPPPPPSSSSSSS
RRRPRRRPRRRPRRRPRPPPPPPPPPPPPSSS
RRRPRRRPPPPSSSSSSSSSSSSSSSSSSSSS
RRRPRRRPRRRPRRRPRRRPRSRPPPPPPSSS
RRRPRPPPPPPPPPPPPPPPPPSSSSSSSSSS
RRRPRRRPRRRPRRRPRRRPRRRPRPPPPPPS
RRRPRRRPRSRPPPPPPPPPPPPPPPPPSSSS
RRRPRRRPRRRPRRRPRRRPRSRPPPPPPPSS
RRRPRRRPRRRPRRRPRSRPPPSSSSSSSSSS
RRRPRRRPRRRPRRRPRRRPPPPPPPSSSSSS
RRRPRRRPRRRPRRRPRRRPRRRPRPPPPPSS
RRRPRRRPRRRPRSRPPPPPPPPPPSSSSSSS
RRRPRRRPRPPPPPPSSSSSSSSSSSSSSSSS
RSRPPPPPPPPPPPPPPPPPSSSSSSSSSSSS
RRRPRRRPRRRPRRRPRRRPPPSSSSSSSSSS
RRRPRRRPRRRPRRRPRSRPPPPPSSSSSSSS
RRRPRSRPPPPPPPPSSSSSSSSSSSSSSSSS
RRRPRRRPRSRPPSSSSSSSSSSSSSSSSSSS
RRRPRRRPRRRPRRRPRRRPPPPSSSSSSSSS
RRRPRRRPRRRPRRRPRRRPPPPPPPPPPPSS
RRRPRRRPRRRPRRRPSSSSSSSSSSSSSSSS
