RRRPRRRPRSRPPPSSSSSSSSSSSSSSSSSS
RRRPRRRPRRRPRRRPRRRPRRRPRRRPPSSS
RRRPRRRPRRRPRRRPRRRPPPPPPPPPPPPS
RRRPRRRPRRRPRRRPRPPPPSSSSSSSSSSS
RRRPRRRPRSRPPPPPPPPPPPPPPPPPPPSS
RSRPPPPPPPPPSSSSSSSSSSSSSSSSSSSS
RRRPRRRPRRRPRRRPRRRPRRRPRRRPPSSS
RRRPRRRPRRRPRRRPRRRPRRRPPSSSSSSS
RRRPRRRPPPPPPPPPPPSSSSSSSSSSSSSS
RRRPRRRPRRRPRRRPRRRPPPPSSSSSSSSS
RRRPPPPPPPPPPPPPPPPPPPPPPPPPPPSS
RRRPRRRPRRRPRRRPRRRPRRRPRRRPPSSS
RRRPRRRPRSRPPSSSSSSSSSSSSSSSSSSS
RRRPRRRPRRRPRRRPRPPSSSSSSSSSSSSS
RRRPRRRPRRRPRRRPRRRPRRRPRSRPPPSS
RRRPRRRPRRRPRRRPRRRPPPPPPPPPPPSS
RRRPRRRPRRRPRSRPSSSSSSSSSSSSSSSS
RRRPPPPPPPPPPPPPPPPPPPPPPPSSSSSS
RRRPRRRPRRRPRRRPRRRPPPPPPPPPPPPS
RRRPRRRPRRRPRRRPRRRPRRRPRRRPRPPS
RRRPRRRPPPPPPSSSSSSSSSSSSSSSSSSS
RRRPRSRPPPPPPPPPPPPPPPPPPSSSSSSS
RPPPPPPPPPSSSSSSSSSSSSSSSSSSSSSS
RRRPRRRPRRRPRRRPRRRPRRRPPPPPSSSS
RRRPRRRPRRRPRRRPRRRPPPSSSSSSSSSS
RRRPRSRPPPPPSSSSSSSSSSSSSSSSSSSS
RRRPRRRPRRRPRRRPRSRPPPPSSSSSSSSS
RRRPRSRPPPPPPPPPPPSSSSSSSSSSSSSS
RRRPRRRPRRRPRRRPRPPPPPSSSSSSSSSS
RRRPRRRPRRRPRRRPRRRPRRRPRSRPPPPS
RRRPRRRPPPPPPPPSSSSSSSSSSSSSSSSS
RRRPRPPPPPPPPPPPPPPPPPPSSSSSSSSS
RRRPPPPPPPSSSSSSSSSSSSSSSSSSSSSS
RRRPRRRPRRRPRRRPRRRPRSRPPPPPPPSS
RRRPRRRPRPPPPPPSSSSSSSSSSSSSSSSS
RRRPPPPPPPPPPPPPPPPPPPPPPPPPPSSS
RRRPRSRPPPPPPPPPPPPPPPPPPSSSSSSS
RRRPRRRPRRPPPPPPPPPPPPPPPPPPPPPS
RRRPRRRPRRRPRRRPRRRPRPPPPSSSSSSS
RRRPPPPPPPPPPPPPPPPPPPPPPPPPSSSS
RRRPRRRPRRRPRRRPRPPPPPSSSSSSSSSS
RRRPRRRPRRRPRRRPRRRPRRRPRPPPPSSS
RRRPRRRPRRRPRSRPPPPPPPPPPPSSSSSS
RSRPPPPPPPPPPPPPPPPPPSSSSSSSSSSS
RPPPPPPPPSSSSSSSSSSSSSSSSSSSSSSS
RRRPRRRPRRRPRRRPPPPPPPPSSSSSSSSS
RPPPPPPPPPPPPPPPPPPPPPPPPSSSSSSS
RRRPRRRPPPPPPPPPPPPPPPPPPPPPSSSS
RRRPRRRPRRRPRRRPRRRPRRRPRPPPSSSS
RSRPPPPPPPPPPPPPPPPPPPPPPPPSSSSS
