RRRPRRRPRRRPRRRRRRRRRRSSSSSSSSSP
PPPPPPPPPPPPPSSSSSSSSSSSSSSSSSSP
RRRPRRRPRRRPRRRPRRRPRRRRRRRRRSSP
RRRPPPPSSSSSSSSSSSSSSSSSSSSSSSSS
RRRPRRRPRRRPRRRPRRRPRRRRRRRRSSSP
RRRPRRRPPPPPPSSSSSSSSSSSSSSSSSSS
RRRPRRRPRRRPRRRPRRRRRRRRRRRRSSSP
RRRPRRRPRRRPRRRPRRRPPPPPPSSSSSSP
RRRPRRRPRRRPRRRPRRRPPPPSSSSSSSSP
RRRPRRRPRRRPRRRPRRRPRRRPRRRPPSSS
PPPPPPPPPPPPPPPPPSSSSSSSSSSSSSSP
RRRPPPPPSSSSSSSSSSSSSSSSSSSSSSSS
RRRPRRRRSSSSSSSSSSSSSSSSSSSSSSSP
RRRPRRRPRRRPRRRPRRRPRRRPPPPPSSSP
RRRPRRRPRRRPRRRPRRRRRRRRRRRRRSSP
RRRPRRRPRRRPPPPPPPPPPPSSSSSSSSSS
RRRPRRRRRRRSSSSSSSSSSSSSSSSSSSSP
RRRPRRRPRRRPRSRPPPPPPPPPPPPPPPPS
RRRPPPPPPPPPPPPSSSSSSSSSSSSSSSSS
RRRPRRRPRRRPRRRPRRRRRRRRRRRSSSSP
RRRPRRRPRRRPPPPPPPPPPPPPPPPSSSSP
RRRPRRRPRRRPRRRPRRRPRSSSSSSSSSSP
RRRPRRRPRRRPRRRRRRRRRSSSSSSSSSSP
RRRPRRRPRRRPRRRPPPPPPPPPPPPPPPPS
RRRPRRRPRRRPRRRPRRRPRSRPPPPPPPPS
RRRPRRRPRRRPRRRRRRRRRRRRRSSSSSSP
RRRPRRRPRRRPRRRPRSRPPPPPPPPPPSSS
RRRPRRRPRRRPRRRPRRRPRRRPRRRPPPPS
RRRPRRRPRRRPRSRPPPPPPPPPPPPSSSSS
RRRPRRRPRRRPRRRPRSRPPPSSSSSSSSSS
RRRPRRRPRRRPRRRPRRRPSSSSSSSSSSSP
RRRPRRRPRRRPRRRPRRRPRRRRSSSSSSSP
RRRPRRRPRRRPPPPPSSSSSSSSSSSSSSSS
RRRPRRRPRRRPRRRRRRRRRSSSSSSSSSSP
RRRPRRRPRRRPRRRPRRRPPPPPPPPPPSSS
RRRPRSRPPPPPPPPPPPPPPPPPPPPPSSSS
RRRPRSRPPPPPPPPPPPPPPPPSSSSSSSSS
RRRPRRRPRRRPPPPPPPPPPPPPPPPPPPSP
RRRPRRRPRRRPRRRPRRRPPPPPPPPPSSSP
RRRPRRRPRRRPRRRRRRRRRSSSSSSSSSSP
RRRPRRRRRRRRRRRSSSSSSSSSSSSSSSSP
RRRPRRRPRRRPRRPPPPPPPPPPPPPPPPPS
RRRPRRRPRRRPRRRPRRRPRRRSSSSSSSSP
RRRPRRRPRRRPRRRPRRRSSSSSSSSSSSSP
RRRPRRRPRRRPRRRPRRRPRRRPRRSSSSSP
RRRPRRRPRRRRRRRRRRRRRSSSSSSSSSSP
RRRPRRRPRRRPRRRPRRRPSSSSSSSSSSSS
RSRPPPPPPPPPPPPPPPPPPPPSSSSSSSSS
RRRPRRRPRRRPRRRSSSSSSSSSSSSSSSSP
RRRPRRRPRRRPRRRPRRRPRRRPRSRPPPSS
