PRRRPRRRPRRRPRRRPRRRPRRRPRSSSSSS
PRRRPRRRPRRRPRRRPRRRPRRRPRRRPRPS
PRRRPRRRPRRRPRRRPRRRPRRRPRRSSSSS
PRRRPRRRPRRRPRRRPRRRPRRRPPPPPPPS
PRRRPRRRPRRRPRRRPRPPPPPPPPPPPPSS
PRRRPRRRPRRRPRRRPRRRPRRRPRRRPRPS
PRRRPRRRPRRRPRPRPPPPPPSSSSSSSSSS
PRPRPPPPPPPPPPPPPPPSSSSSSSSSSSSS
PRPRPPPPPPPPPPPPPPSSSSSSSSSSSSSS
PRRRPRRRPPPPPSSSSSSSSSSSSSSSSSSS
PRRRPRRRPRRRPRRRPRRRPRPRPPPSSSSS
PRRRPRRRPRRRPRRRPRPPPPPPPPPSSSSS
PRPRPPPPSSSSSSSSSSSSSSSSSSSSSSSS
PRRRPRRRPRRRPRRRPRRRPRPPPPPSSSSS
PRRRPRRRPRRRPRRRPRRRPRRRPRRSSSSS
PRRRPRPRPPPPPPPPPPSSSSSSSSSSSSSS
PRRRPPPPPPPSSSSSSSSSSSSSSSSSSSSS
PRRRPRRRPRRRPRRRSSSSSSSSSSSSSSSS
PRRRPRPRPPPPPPPPPPPPPPPPPPPPPSSS
PRPPPPPPPPPPPPPPPPPPPPPSSSSSSSSS
PRRRPRRRPRRRPRRRPRRRPRRRPRRRPPSS
PRRRPRRRPRRRPRRRPRRRPRRRPPPSSSSS
PRRRPRPRPSSSSSSSSSSSSSSSSSSSSSSS
PRRRPRRRPRPRPPSSSSSSSSSSSSSSSSSS
PRPPPPPPPPPPPPPPPPPPPPPPPPPPPSSS
PRRRPRRRPRRRPRRRPRPRPPPPPSSSSSSS
PRRRPRRRPRRRPRPPPPSSSSSSSSSSSSSS
PRRRPPPPPPPPPSSSSSSSSSSSSSSSSSSS
PRRRPRRRPRRRPRRRPRRRPRRRPRPSSSSS
PRRRPRRRPRRRPRPRPPPPPPPPSSSSSSSS
PRRRPRRRPRRRPRRRPRPPPPPPPPPPPSSS
PRRRPRRRPPPSSSSSSSSSSSSSSSSSSSSS
PRRRPRRRPRRRPRRRPRRRPRPRPPPPSSSS
PRRRPRPPPPPPPPPPPPPPPPSSSSSSSSSS
PRRRPRRRPRRRPRRRPRRRPRRRPRPPPPPS
PRRRPRRRPRPRPPPPPPPPPPPPPPPSSSSS
PRRRPRRRPRRRPRRRPRRRPRPRPPPPPSSS
PRRRPRRRPRRRPRRRPRPRPSSSSSSSSSSS
PRRRPRRRPRRRPRRRPRRRPPPPPPSSSSSS
PRRRPRRRPRRRPRRRPRRRPRRRPRPPPPSS
PRRRPRRRPRRRPRPRPPPPPPPPSSSSSSSS
PRRRPRRRPRPPPPPSSSSSSSSSSSSSSSSS
PRPRPPPPPPPPPPPPPPPSSSSSSSSSSSSS
PRRRPRRRPRRRPRRRPRRRPPSSSSSSSSSS
PRRRPRRRPRRRPRRRPRPRPPPSSSSSSSSS
PRRRPRPRPPPPPPSSSSSSSSSSSSSSSSSS
PRRRPRRRPRPRSSSSSSSSSSSSSSSSSSSS
PRRRPRRRPRRRPRRRPRRRPPPSSSSSSSSS
PRRRPRRRPRRRPRRRPRRRPPPPPPPPPPSS
PRRRPRRRPRRRPRRRSSSSSSSSSSSSSSSS
