PRRRPRRRPRPRPSSSSSSSSSSSSSSSSSSS
PRRRPRRRPRRRPRRRPRRRPRRRPRRRPSSS
PRRRPRRRPRRRPRRRPRRRPPPPPPPPPPPS
PRRRPRRRPRRRPRRRPRPPPSSSSSSSSSSS
PRRRPRRRPRPRPPPPPPPPPPPPPPPPPSSS
PRPRPPPPPPPSSSSSSSSSSSSSSSSSSSSS
PRRRPRRRPRRRPRRRPRRRPRRRPRRRPSSS
PRRRPRRRPRRRPRRRPRRRPRRRPSSSSSSS
PRRRPRRRPPPPPPPPPPSSSSSSSSSSSSSS
PRRRPRRRPRRRPRRRPRRRPPPSSSSSSSSS
PRRRPPPPPPPPPPPPPPPPPPPPPPPPPPSS
PRRRPRRRPRRRPRRRPRRRPRRRPRRRPSSS
PRRRPRRRPRPRSSSSSSSSSSSSSSSSSSSS
PRRRPRRRPRRRPRRRPRPSSSSSSSSSSSSS
PRRRPRRRPRRRPRRRPRRRPRRRPRPRPSSS
PRRRPRRRPRRRPRRRPRRRPPPPPPPPPPSS
PRRRPRRRPRRRPRRSSSSSSSSSSSSSSSSS
PRRRPPPPPPPPPPPPPPPPPPPPPPSSSSSS
PRRRPRRRPRRRPRRRPRRRPPPPPPPPPPPS
PRRRPRRRPRRRPRRRPRRRPRRRPRRRPRPS
PRRRPRRRPPPPPSSSSSSSSSSSSSSSSSSS
PRRRPRPRPPPPPPPPPPPPPPPPSSSSSSSS
PRPPPPPPPPSSSSSSSSSSSSSSSSSSSSSS
PRRRPRRRPRRRPRRRPRRRPRRRPPPPSSSS
PRRRPRRRPRRRPRRRPRRRPPSSSSSSSSSS
PRRRPRPRPPPSSSSSSSSSSSSSSSSSSSSS
PRRRPRRRPRRRPRRRPRPRPPSSSSSSSSSS
PRRRPRPRPPPPPPPPPSSSSSSSSSSSSSSS
PRRRPRRRPRRRPRRRPRPPPPSSSSSSSSSS
PRRRPRRRPRRRPRRRPRRRPRRRPRPRPPSS
PRRRPRRRPPPPPPPSSSSSSSSSSSSSSSSS
PRRRPRPPPPPPPPPPPPPPPPPSSSSSSSSS
PRRRPPPPPPSSSSSSSSSSSSSSSSSSSSSS
PRRRPRRRPRRRPRRRPRRRPRPRPPPPPSSS
PRRRPRRRPRPPPPPSSSSSSSSSSSSSSSSS
PRRRPPPPPPPPPPPPPPPPPPPPPPPPPSSS
PRRRPRPRPPPPPPPPPPPPPPPPSSSSSSSS
PRRRPRRRPRPRPPPPPPPPPPPPPPPPPPPS
PRRRPRRRPRRRPRRRPRRRPRPPPSSSSSSS
PRRRPPPPPPPPPPPPPPPPPPPPPPPPSSSS
PRRRPRRRPRRRPRRRPRPPPPSSSSSSSSSS
PRRRPRRRPRRRPRRRPRRRPRRRPRPPPSSS
PRRRPRRRPRRRPRPRPPPPPPPPPSSSSSSS
PRPRPPPPPPPPPPPPPPPPSSSSSSSSSSSS
PRPPPPPPPSSSSSSSSSSSSSSSSSSSSSSS
PRRRPRRRPRRRPRRRPPPPPPPSSSSSSSSS
PRPPPPPPPPPPPPPPPPPPPPPPPSSSSSSS
PRRRPRRRPPPPPPPPPPPPPPPPPPPPSSSS
PRRRPRRRPRRRPRRRPRRRPRRRPRPPSSSS
PRPRPPPPPPPPPPPPPPPPPPPPPPSSSSSS
