YLSPSSPRLLRPSLYRYYYRRPLYPPSSYSPL
PLRPPLSYSLSLYYSPLPLLPYSRPPSLPPRP
PSLLLPPSLYRRPYRLPPRYLPSLYPLYSLYP
YPYRLLPRLPPLSPPSPSPSRPLPSSYPSPYP
LYYYLSLPSPLPPLPSRYSPLPPPSPPRRPPP
PYPPSSSSPPRPPRYSPLYYRYRPLLRRYSRP
LLLPYSRRLPPYPRRLYPLLSSPPRLSYPRRL
SYSLPYSLPRYYYLPPSSPLPLPYYSLRYSYL
YSPYSPPPLSYSLPLYYRYLSYYRLSPPSPRY
RPLPSLPYLPYPLPSLYLPLPPRPSPYRRLPR
PRRPLRYSLRPLSPYSRLPRPYSPSRSSRSPR
SRRPRSPLPRPRLRYRPSLLPPSPLYSPLPPL
SPLLYSSLSPYSLPPYLLSPPLSPPYPSLSPY
YLLSRRPRYPPPSSPPSRYYPSPPYRPPRPLP
SSRRPPSRPSPSLPSSRSPRPRLPLLSPYYSL
SSSPRYLPLPSSPPSYPPPPYRSPSRYLSYRS
SSLSLSPPPPPYLPRSPPYRYYPPSPPSPPSS
YPSRSPSSSLLPYLSLSPPPLYYRSLLSYYPL
SPPYPPPRLLSYPPSPSSYSPYRPPRPSYLLL
SLPRPPYPSRYPYSYRSYYPPYLPSPRYLPPL
YYYYYSPLRRSPYPRPPLRPPRLSLYSRSRYP
PRRPLPYPRPSPPLYYLSPSLPYYPRLPRPYY
YPPYRLYPPSSSPYYPPRYRRRRPRPRPPSYS
PPYYYYYPPSPPPPPRRPLSLPSYRSPPRSRP
RRSRPYSYPPSSPSPSYPPPSYYPLSYPRRPP
SLLYRPPPSSSLSRPRYPLSLYSPSPYPLLYL
RSYPPYYRPRYSSRSLPLPPYYSYLLLPPLLS
PYRYYLRYPPLLYPSSPLPPYLLPSLRYPPPL
YPPYYPLLLPSPRYSSYPYPYLPYLLSSYPPP
RPLPRLPPPRYLLRYYLRLLPRPRPRYPPSSP
RRYSSYSRYPLRSYYLPRRPRSLYSSPSSRPP
PYPYYSPPPPPRPRRPPLSPPRLYPLLSRPPL
LYYLSPPSPYLRSLPLPLPSPLPPSYRPYSSP
LPPPLYYSYSLRRLPPYRPYSLSLSLSLLLLY
PRSRPYSYLSSLPLLPSRPPSRPPLPPSYYRS
SLRPLPLRPPRSSRRSPPLSPRPYSLPYPSPS
LLLYLLPPSSSLPPPPRPPRPRLPPLSPPPPS
PLSPSSSLLSRPYYPRLSSSYSSRRLYRLYYP
SRPLPYPPLPPLRYPRSSYSPYLLRSPYSLYP
PPPPRYRPSSPSSPPPLSLRPPRPPRSSRRSP
PRYSYPPPYPSYPSLPPPRSSPPRRPPPRLSL
PPYLRRRYPRYYSRLPPPRSSSYPSSPSLPRP
YPYPRYYSYRPRLSPPPPYYPLLPRPPPPLSS
PPPSSPSLLPLPRYPSSYPPPSYRSPRLPYYY
RSPPSPPYLLYSPRLPSRPPPYRLLRYLYLRS
YLYRYRYLSSRYYSRPYPRYYSRRPYPSYLPP
LSPPLPPPLPSPLPSYYPLPSLYLLSSSPLSP
SRRPPYLPRYRPPPYPRRPPYPSLLLPPPPYP
RYPPLPSPSYYYSRYPRLRSPLPLPPPPRLPY
PLLLSRYPPSYSYSRPSSYLRPSYPYPRSYLL
