PSPYLRPSSSRRPPYSPRYRPSPSLSLYYLRP
YSPYSRPLPSPSLRYLSSPRSSPRPYYRLYSY
PYRRSYSLRPLSSYYSYPYPPRLPLSLYPYPS
SYLRLYRYRRPPYYPSYPSLLYRPSYRPRLPL
SYLPLLSRLPSRYPPPRSPYYSSLLSLLPLYL
PSPPLPPYRPPPYLRYLPLPLSPSLRPSPYPY
RRYPRYPLRPSRLPSLRPYPRYYPSSRRLPSY
PRPRYSRPSSPSSYPLPSLPYPSYRPRSPSPY
SSPRPPPPYPSSLLPRSLPPPPRLRYSRYYPP
PPPPLPPYYPPYPRPYPSPPRSPPSSSLPSPR
LRSSYYRLPLLYSYPLSRSYPPLYRYLPPRSS
PSPSPRRRRPPPYSLYSYPYRPPRSSSSPPRY
YSSSYLYYPYPLYLSSSSPSPYRSPPLRSPSR
SSPPSPPRRPLSRPLSLLSSPSLPPRYSRPYP
PLSPPPLPSYPLYPPYPLSPPLPPRPSSPYPS
PLYYSLLLYPPSLYPLYLPPLSPYSSPRPYRS
SPLYYSPPRSSYPLLPSPSYSYPLYRRYSYRP
PPYPRLYRRPSPLLLPSPPYSPPLRRRPLLSY
SLLPPYYYLPSPPLLLLSLRLRPLLRSSRPRY
YLPLYSRRSLSPYPSPRPYYRPRLYYYLPPSP
RRSPPRYSPPYYSYSLSPSSSRPPYPYSRPPY
RPPRYRPSPSRSSSRPSLLPPSPLPPSRSLLP
PYRSYSSSRPSPPYYYYSPPRPLPSLPPLLLL
LYYYRLRYPYLPPRLLYRLYLPSSPLYRPLPS
RPSRYSPLPSYPSSLPSYPLRSYRPRYPYYPS
SYRPPSLSYYPPYRPYSPRYYRRPLPRYLPYS
YPPLSPPLPYYYPLPRPRPYYYPRSYPLLPSS
RLLSLSRSRYRPRRPSPLLLYSRSPPSSLYPY
SSYRPPPPSPRLLYRPLLRYPPLPRYLLPPPS
YYPYPPPRLYRPPYPLSLPPLPLSYLPPSYRL
SSRSRPSSSRLPPPSYPSYPLYPSSSLYRYLL
PPLRYLYPRPSSPRRPPYPSLLLLLPRPLPYY
PYPLPRPSRPPYPLPLPSPRSSRPYSLYYPYS
SLRRPPPPSRSPYRPPPRLRPSPRSPPPPPPP
RSYSPYSYYPLSRPSRRRRSPLSRRPPRYSRR
LLPPPYPSPPLPLYSPYPSPPRPLRPYSLPPY
PSLSSYSYSRRPPPPLRSPRPSPSRLLLYPPP
LSPSYRPLPRSLSYYLSLRPLPPRSRPYLRPL
PPYPSPPLYYPLSPPSRPYSPRPPRPLSRLPP
SSPPSLPRPPSSPLYSLLYPPLPRRPPYPRPR
RYLSRRRPLLYRLPSPRYYSPYPSLLPYYPYS
PSRPSPPLRLRYPYYPYPSLSPPLPRSYSYSP
SYRPPPYPSPPSYPLLSPSSPRSPRYRLYPPP
YRSLLRPYYRSPYRSPPSSSRPRSLRSRPRLR
PLYPPPSSSSPRLYYSRRYPYPPPYYPSYLLP
PYLYSYPPSRRLYRPPPPLSPRPPYPYSSPRS
YYSPRLYPSRSRPYPRLLPLSSSPPSSLSPPP
RSSRPPSSRSRRPPRYSPSSRLPPRPPLLPPS
SPYSLSPYLPYPLPYSSLLPPYPSPLLPSLPP
PSSSPPSSSYSPYPYPRYLLSRYRRYPYSPYR
